[debug] [2023-01-08T16:02:35.637Z] ----------------------------------------------------------------------
[debug] [2023-01-08T16:02:35.639Z] Command:       C:\Program Files\nodejs\node.exe C:\Users\Gautam\AppData\Roaming\npm\node_modules\firebase-tools\lib\bin\firebase.js init
[debug] [2023-01-08T16:02:35.640Z] CLI Version:   11.20.0
[debug] [2023-01-08T16:02:35.640Z] Platform:      win32
[debug] [2023-01-08T16:02:35.640Z] Node Version:  v16.13.0
[debug] [2023-01-08T16:02:35.641Z] Time:          Sun Jan 08 2023 21:32:35 GMT+0530 (India Standard Time)
[debug] [2023-01-08T16:02:35.641Z] ----------------------------------------------------------------------
[debug] 
[debug] [2023-01-08T16:02:35.660Z] > command requires scopes: ["email","openid","https://www.googleapis.com/auth/cloudplatformprojects.readonly","https://www.googleapis.com/auth/firebase","https://www.googleapis.com/auth/cloud-platform"]
[debug] [2023-01-08T16:02:35.661Z] > authorizing via signed-in user (gautamra624@gmail.com)
[info] 
     ######## #### ########  ######## ########     ###     ######  ########
     ##        ##  ##     ## ##       ##     ##  ##   ##  ##       ##
     ######    ##  ########  ######   ########  #########  ######  ######
     ##        ##  ##    ##  ##       ##     ## ##     ##       ## ##
     ##       #### ##     ## ######## ########  ##     ##  ######  ########

You're about to initialize a Firebase project in this directory:

  C:\Users\Gautam\OneDrive\Desktop\deploy_2\Autentication

[info] 
=== Project Setup
[info] 
[info] First, let's associate this project directory with a Firebase project.
[info] You can create multiple project aliases by running firebase use --add, 
[info] but for now we'll just set up a default project.
[info] 
[debug] [2023-01-08T16:03:31.233Z] >>> [apiv2][query] GET https://firebase.googleapis.com/v1beta1/projects pageSize=100
[debug] [2023-01-08T16:03:32.195Z] <<< [apiv2][status] GET https://firebase.googleapis.com/v1beta1/projects 200
[debug] [2023-01-08T16:03:32.195Z] <<< [apiv2][body] GET https://firebase.googleapis.com/v1beta1/projects [omitted]
[info] i  Using project recommedee (Recommedee) 
[info] 
=== Hosting Setup
[info] 
[info] Your public directory is the folder (relative to your project directory) that
[info] will contain Hosting assets to be uploaded with firebase deploy. If you
[info] have a build process for your assets, use your build's output directory.
[info] 
